• The user wants me to read TASK.md in the current directory and implement it exactly as scoped, then commit with a clear message.

  Let me first read TASK.md to understand what needs to be done.Now I understand the task. I need to:
  1. Verify the files are unreferenced
  2. Delete them if confirmed
  3. Update docs/CRATES_IO_READINESS.md
  4. Commit with a clear message

  Let me verify first by reading pincher-core/src/lib.rs, searching for references, and checking Cargo.toml.Good. Verified:
  1. `lib.rs` has no `daemon`, `registry`, or `updater` modules declared
  2. `Cargo.toml` has no `[[bin]]` targets
  3. No `#[path = ...]` attributes in pincher-core
  4. No `mod updater`/`mod daemon`/`mod registry` anywhere except in TASK.md

  Now let me read docs/CRATES_IO_READINESS.md to find the table to update.Now I need to:
  1. Delete pincher-core/src/daemon.rs, registry.rs, updater.rs
  2. Update the "Hardcoded secrets / dead code" row in docs/CRATES_IO_READINESS.md line 33 from 🔴 needs fix to ✅ resolved
  3. Commit

  Let me first delete the files using Bash rm, then edit the doc.capability
carapace
db
dynamics
embed
immunology
intent
kernel
lib.rs
migration
reflex
resource
route
rpc
sandbox
security
shell
types
Good. Files deleted and doc updated. Now I need to commit. The task says "Commit your work with a clear message when done." It explicitly requests a git commit.

  Let me check git status and then commit. M docs/CRATES_IO_READINESS.md
 D pincher-core/src/daemon.rs
 D pincher-core/src/registry.rs
 D pincher-core/src/updater.rs
?? TASK.md
?? kimi-secret.log
There are some untracked files (TASK.md and kimi-secret.log). I should not add these to the commit since they're not part of the task scope. I'll only stage the changes I made and commit those.

  Wait - TASK.md is untracked. The task is to implement what's in TASK.md, not to add TASK.md to the repo. I should only commit the deletion of the 3 files and the doc update.[kimi/fix-hardcoded-secret b910a0a] security: remove orphaned pincher-core files with hardcoded secret
 4 files changed, 1 insertion(+), 538 deletions(-)
 delete mode 100644 pincher-core/src/daemon.rs
 delete mode 100644 pincher-core/src/registry.rs
 delete mode 100644 pincher-core/src/updater.rs
Commit done. Let me provide a brief summary to the user.

• Done.

  - Independently verified that `pincher-core/src/daemon.rs`, `registry.rs`, and `updater.rs` were unreachable — none are declared in `pincher-core/src/lib.rs`, no `#[path]` references exist, and `pincher-core/Cargo.toml` has no `[[bin]]` targets.
  - Deleted the three orphaned files, removing the hardcoded `SUPER_INSTANCE_SHARED_SECRET_KEY_FOR_NAIL_INTEGRITY` secret entirely.
  - Updated `docs/CRATES_IO_READINESS.md` to mark the "Hardcoded secrets / dead code" row as ✅ resolved, with a note explaining the removal.
  - Committed as `b910a0a` on branch `kimi/fix-hardcoded-secret` with a descriptive message.

To resume this session: kimi -r session_de759801-fefc-4eb5-a460-93b16a6fb78b
